<?xml version="1.0" encoding="UTF-8"?>
<testsuite name="org.springframework.boot.context.embedded.jetty.JettyEmbeddedServletContainerFactoryTests" time="8.451" tests="27" errors="0" skipped="0" failures="0">
  <properties>
    <property name="java.runtime.name" value="Java(TM) SE Runtime Environment"/>
    <property name="sun.boot.library.path" value="C:\Program Files\Java\jdk1.8.0_20\jre\bin"/>
    <property name="java.vm.version" value="25.20-b23"/>
    <property name="java.vm.vendor" value="Oracle Corporation"/>
    <property name="java.vendor.url" value="http://java.oracle.com/"/>
    <property name="path.separator" value=";"/>
    <property name="guice.disable.misplaced.annotation.check" value="true"/>
    <property name="java.vm.name" value="Java HotSpot(TM) 64-Bit Server VM"/>
    <property name="file.encoding.pkg" value="sun.io"/>
    <property name="user.script" value=""/>
    <property name="user.country" value="US"/>
    <property name="sun.java.launcher" value="SUN_STANDARD"/>
    <property name="sun.os.patch.level" value="Service Pack 1"/>
    <property name="java.vm.specification.name" value="Java Virtual Machine Specification"/>
    <property name="user.dir" value="C:\Users\Vaquar khan\Documents\workspace-sts-3.6.1.RELEASE\spring-boot-master"/>
    <property name="java.runtime.version" value="1.8.0_20-b26"/>
    <property name="java.awt.graphicsenv" value="sun.awt.Win32GraphicsEnvironment"/>
    <property name="java.endorsed.dirs" value="C:\Program Files\Java\jdk1.8.0_20\jre\lib\endorsed"/>
    <property name="os.arch" value="amd64"/>
    <property name="java.io.tmpdir" value="C:\Users\VAQUAR~1\AppData\Local\Temp\"/>
    <property name="line.separator" value="&#10;"/>
    <property name="java.vm.specification.vendor" value="Oracle Corporation"/>
    <property name="user.variant" value=""/>
    <property name="os.name" value="Windows 7"/>
    <property name="classworlds.conf" value="C:\apache-maven-3.1.1\bin\..\bin\m2.conf"/>
    <property name="sun.jnu.encoding" value="Cp1252"/>
    <property name="java.library.path" value="C:\Program Files\Java\jdk1.8.0_20\bin;C:\Windows\Sun\Java\bin;C:\Windows\system32;C:\Windows;C:\ProgramData\Oracle\Java\javapath;C:\Windows\system32;C:\Windows;C:\Windows\System32\Wbem;C:\Windows\System32\WindowsPowerShell\v1.0\;C:\Program Files\WIDCOMM\Bluetooth Software\;C:\Program Files\WIDCOMM\Bluetooth Software\syswow64;c:\Program Files (x86)\ATI Technologies\ATI.ACE\Core-Static;C:\Program Files (x86)\Common Files\Roxio Shared\10.0\DLLShared\;C:\Program Files (x86)\Common Files\Roxio Shared\DLLShared\;C:\apache-maven-3.1.1\bin;C:\Program Files\Java\jre1.8.0_20\bin;V:\Data\mongodb-win32-x86_64-2008plus-2.4.9\mongodb-win32-x86_64-2008plus-2.4.9\bin;C:\Python34;C:\gradle-2.0\bin;C:\tmp\Pivotal_GemFire_800_b48398_Windows\bin;C:\spring-1.2.0.BUILD-SNAPSHOT\bin;."/>
    <property name="java.specification.name" value="Java Platform API Specification"/>
    <property name="java.class.version" value="52.0"/>
    <property name="sun.management.compiler" value="HotSpot 64-Bit Tiered Compilers"/>
    <property name="os.version" value="6.1"/>
    <property name="user.home" value="C:\Users\Vaquar khan"/>
    <property name="user.timezone" value="Asia/Calcutta"/>
    <property name="java.awt.printerjob" value="sun.awt.windows.WPrinterJob"/>
    <property name="java.specification.version" value="1.8"/>
    <property name="file.encoding" value="Cp1252"/>
    <property name="user.name" value="Vaquar khan"/>
    <property name="java.class.path" value="C:\apache-maven-3.1.1\bin\..\boot\plexus-classworlds-2.5.1.jar"/>
    <property name="org.slf4j.simpleLogger.defaultLogLevel" value="info"/>
    <property name="java.vm.specification.version" value="1.8"/>
    <property name="sun.arch.data.model" value="64"/>
    <property name="java.home" value="C:\Program Files\Java\jdk1.8.0_20\jre"/>
    <property name="sun.java.command" value="org.codehaus.plexus.classworlds.launcher.Launcher install"/>
    <property name="java.specification.vendor" value="Oracle Corporation"/>
    <property name="user.language" value="en"/>
    <property name="awt.toolkit" value="sun.awt.windows.WToolkit"/>
    <property name="java.vm.info" value="mixed mode"/>
    <property name="java.version" value="1.8.0_20"/>
    <property name="java.ext.dirs" value="C:\Program Files\Java\jdk1.8.0_20\jre\lib\ext;C:\Windows\Sun\Java\lib\ext"/>
    <property name="sun.boot.class.path" value="C:\Program Files\Java\jdk1.8.0_20\jre\lib\resources.jar;C:\Program Files\Java\jdk1.8.0_20\jre\lib\rt.jar;C:\Program Files\Java\jdk1.8.0_20\jre\lib\sunrsasign.jar;C:\Program Files\Java\jdk1.8.0_20\jre\lib\jsse.jar;C:\Program Files\Java\jdk1.8.0_20\jre\lib\jce.jar;C:\Program Files\Java\jdk1.8.0_20\jre\lib\charsets.jar;C:\Program Files\Java\jdk1.8.0_20\jre\lib\jfr.jar;C:\Program Files\Java\jdk1.8.0_20\jre\classes"/>
    <property name="sun.stderr.encoding" value="cp437"/>
    <property name="java.vendor" value="Oracle Corporation"/>
    <property name="maven.home" value="C:\apache-maven-3.1.1\bin\.."/>
    <property name="file.separator" value="\"/>
    <property name="java.vendor.url.bug" value="http://bugreport.sun.com/bugreport/"/>
    <property name="sun.cpu.endian" value="little"/>
    <property name="sun.io.unicode.encoding" value="UnicodeLittle"/>
    <property name="sun.stdout.encoding" value="cp437"/>
    <property name="sun.desktop" value="windows"/>
    <property name="sun.cpu.isalist" value="amd64"/>
  </properties>
  <testcase name="jettyCustomizations" classname="org.springframework.boot.context.embedded.jetty.JettyEmbeddedServletContainerFactoryTests" time="0.013"/>
  <testcase name="jettyConfigurations" classname="org.springframework.boot.context.embedded.jetty.JettyEmbeddedServletContainerFactoryTests" time="0.169"/>
  <testcase name="sessionTimeoutInMins" classname="org.springframework.boot.context.embedded.jetty.JettyEmbeddedServletContainerFactoryTests" time="0.199"/>
  <testcase name="sslCiphersConfiguration" classname="org.springframework.boot.context.embedded.jetty.JettyEmbeddedServletContainerFactoryTests" time="0.922"/>
  <testcase name="sessionTimeout" classname="org.springframework.boot.context.embedded.jetty.JettyEmbeddedServletContainerFactoryTests" time="0.06"/>
  <testcase name="basicSsl" classname="org.springframework.boot.context.embedded.jetty.JettyEmbeddedServletContainerFactoryTests" time="1.295"/>
  <testcase name="contextRootPathMustNotBeSlash" classname="org.springframework.boot.context.embedded.jetty.JettyEmbeddedServletContainerFactoryTests" time="0.004"/>
  <testcase name="documentRoot" classname="org.springframework.boot.context.embedded.jetty.JettyEmbeddedServletContainerFactoryTests" time="0.19"/>
  <testcase name="mimeType" classname="org.springframework.boot.context.embedded.jetty.JettyEmbeddedServletContainerFactoryTests" time="0.128"/>
  <testcase name="startBlocksUntilReadyToServe" classname="org.springframework.boot.context.embedded.jetty.JettyEmbeddedServletContainerFactoryTests" time="0.594"/>
  <testcase name="specificPort" classname="org.springframework.boot.context.embedded.jetty.JettyEmbeddedServletContainerFactoryTests" time="0.188"/>
  <testcase name="sslWantsClientAuthenticationSucceedsWithClientCertificate" classname="org.springframework.boot.context.embedded.jetty.JettyEmbeddedServletContainerFactoryTests" time="0.316"/>
  <testcase name="sslWantsClientAuthenticationSucceedsWithoutClientCertificate" classname="org.springframework.boot.context.embedded.jetty.JettyEmbeddedServletContainerFactoryTests" time="0.192"/>
  <testcase name="startServletAndFilter" classname="org.springframework.boot.context.embedded.jetty.JettyEmbeddedServletContainerFactoryTests" time="0.139"/>
  <testcase name="emptyServerWhenPortIsMinusOne" classname="org.springframework.boot.context.embedded.jetty.JettyEmbeddedServletContainerFactoryTests" time="0.075"/>
  <testcase name="restartWithKeepAlive" classname="org.springframework.boot.context.embedded.jetty.JettyEmbeddedServletContainerFactoryTests" time="0.684"/>
  <testcase name="contextPathMustStartWithSlash" classname="org.springframework.boot.context.embedded.jetty.JettyEmbeddedServletContainerFactoryTests" time="0.004"/>
  <testcase name="errorPage" classname="org.springframework.boot.context.embedded.jetty.JettyEmbeddedServletContainerFactoryTests" time="0.284"/>
  <testcase name="contextPathMustNotEndWithSlash" classname="org.springframework.boot.context.embedded.jetty.JettyEmbeddedServletContainerFactoryTests" time="0.004"/>
  <testcase name="stopServlet" classname="org.springframework.boot.context.embedded.jetty.JettyEmbeddedServletContainerFactoryTests" time="2.098"/>
  <testcase name="doubleStop" classname="org.springframework.boot.context.embedded.jetty.JettyEmbeddedServletContainerFactoryTests" time="0.119"/>
  <testcase name="multipleConfigurations" classname="org.springframework.boot.context.embedded.jetty.JettyEmbeddedServletContainerFactoryTests" time="0.118"/>
  <testcase name="loadOnStartAfterContextIsInitialized" classname="org.springframework.boot.context.embedded.jetty.JettyEmbeddedServletContainerFactoryTests" time="0.094"/>
  <testcase name="sslNeedsClientAuthenticationSucceedsWithClientCertificate" classname="org.springframework.boot.context.embedded.jetty.JettyEmbeddedServletContainerFactoryTests" time="0.196"/>
  <testcase name="startServlet" classname="org.springframework.boot.context.embedded.jetty.JettyEmbeddedServletContainerFactoryTests" time="0.132"/>
  <testcase name="sslNeedsClientAuthenticationFailsWithoutClientCertificate" classname="org.springframework.boot.context.embedded.jetty.JettyEmbeddedServletContainerFactoryTests" time="0.123"/>
  <testcase name="specificContextRoot" classname="org.springframework.boot.context.embedded.jetty.JettyEmbeddedServletContainerFactoryTests" time="0.111"/>
</testsuite>