<?xml version="1.0" encoding="UTF-8"?>
<testsuite name="info.rnowak.springFun.repository.MessageRepositoryIntegrationTest" tests="3" skipped="0" failures="0" errors="0" timestamp="2015-02-12T21:04:36" hostname="Vaquarkhan-VAIO" time="24.252">
  <properties/>
  <testcase name="shouldReturnNullWhenMessageWithIdDoesNotExist" classname="info.rnowak.springFun.repository.MessageRepositoryIntegrationTest" time="23.098"/>
  <testcase name="shouldFindAllMessages" classname="info.rnowak.springFun.repository.MessageRepositoryIntegrationTest" time="1.138"/>
  <testcase name="shouldFindMessageWithId" classname="info.rnowak.springFun.repository.MessageRepositoryIntegrationTest" time="0.015"/>
  <system-out><![CDATA[02:34:36.380 [Test worker] DEBUG o.s.t.c.j.SpringJUnit4ClassRunner - SpringJUnit4ClassRunner constructor called with [class info.rnowak.springFun.repository.MessageRepositoryIntegrationTest].
02:34:36.609 [Test worker] DEBUG o.s.test.context.ContextLoaderUtils - Found explicit ContextLoader class [org.springframework.boot.test.SpringApplicationContextLoader] for context configuration attributes [ContextConfigurationAttributes@5142701e declaringClass = 'info.rnowak.springFun.repository.MessageRepositoryIntegrationTest', classes = '{class info.rnowak.springFun.SpringFun}', locations = '{}', inheritLocations = true, initializers = '{}', inheritInitializers = true, name = [null], contextLoaderClass = 'org.springframework.boot.test.SpringApplicationContextLoader']
02:34:36.643 [Test worker] DEBUG o.s.test.context.ContextLoaderUtils - Could not find an 'annotation declaring class' for annotation type [org.springframework.test.context.ActiveProfiles] and class [info.rnowak.springFun.repository.MessageRepositoryIntegrationTest]
02:34:36.648 [Test worker] DEBUG o.s.test.context.TestContextManager - @TestExecutionListeners is not present for class [info.rnowak.springFun.repository.MessageRepositoryIntegrationTest]: using defaults.
02:34:36.736 [Test worker] DEBUG o.s.t.annotation.ProfileValueUtils - Retrieved @ProfileValueSourceConfiguration [null] for test class [info.rnowak.springFun.repository.MessageRepositoryIntegrationTest]
02:34:36.738 [Test worker] DEBUG o.s.t.annotation.ProfileValueUtils - Retrieved ProfileValueSource type [class org.springframework.test.annotation.SystemProfileValueSource] for class [info.rnowak.springFun.repository.MessageRepositoryIntegrationTest]
02:34:36.758 [Test worker] DEBUG o.s.t.annotation.ProfileValueUtils - Retrieved @ProfileValueSourceConfiguration [null] for test class [info.rnowak.springFun.repository.MessageRepositoryIntegrationTest]
02:34:36.759 [Test worker] DEBUG o.s.t.annotation.ProfileValueUtils - Retrieved ProfileValueSource type [class org.springframework.test.annotation.SystemProfileValueSource] for class [info.rnowak.springFun.repository.MessageRepositoryIntegrationTest]
02:34:36.760 [Test worker] DEBUG o.s.t.annotation.ProfileValueUtils - Retrieved @ProfileValueSourceConfiguration [null] for test class [info.rnowak.springFun.repository.MessageRepositoryIntegrationTest]
02:34:36.761 [Test worker] DEBUG o.s.t.annotation.ProfileValueUtils - Retrieved ProfileValueSource type [class org.springframework.test.annotation.SystemProfileValueSource] for class [info.rnowak.springFun.repository.MessageRepositoryIntegrationTest]
02:34:36.766 [Test worker] DEBUG o.s.t.annotation.ProfileValueUtils - Retrieved @ProfileValueSourceConfiguration [null] for test class [info.rnowak.springFun.repository.MessageRepositoryIntegrationTest]
02:34:36.766 [Test worker] DEBUG o.s.t.annotation.ProfileValueUtils - Retrieved ProfileValueSource type [class org.springframework.test.annotation.SystemProfileValueSource] for class [info.rnowak.springFun.repository.MessageRepositoryIntegrationTest]
02:34:36.774 [Test worker] DEBUG o.s.t.c.s.DependencyInjectionTestExecutionListener - Performing dependency injection for test context [[DefaultTestContext@2640333d testClass = MessageRepositoryIntegrationTest, testInstance = info.rnowak.springFun.repository.MessageRepositoryIntegrationTest@57b91869, testMethod = [null], testException = [null], mergedContextConfiguration = [MergedContextConfiguration@473b1376 testClass = MessageRepositoryIntegrationTest, locations = '{}', classes = '{class info.rnowak.springFun.SpringFun}', contextInitializerClasses = '[]', activeProfiles = '{}', contextLoader = 'org.springframework.boot.test.SpringApplicationContextLoader', parent = [null]]]].
02:34:37.299 [Test worker] DEBUG o.s.core.env.StandardEnvironment - Adding [systemProperties] PropertySource with lowest search precedence
02:34:37.306 [Test worker] DEBUG o.s.core.env.StandardEnvironment - Adding [systemEnvironment] PropertySource with lowest search precedence
02:34:37.307 [Test worker] DEBUG o.s.core.env.StandardEnvironment - Initialized StandardEnvironment with PropertySources [systemProperties,systemEnvironment]
02:34:37.313 [Test worker] DEBUG o.s.core.env.StandardEnvironment - Adding [integrationTest] PropertySource with search precedence immediately lower than [systemEnvironment]

  .   ____          _            __ _ _
 /\\ / ___'_ __ _ _(_)_ __  __ _ \ \ \ \
( ( )\___ | '_ | '_| | '_ \/ _` | \ \ \ \
 \\/  ___)| |_)| | | | | || (_| |  ) ) ) )
  '  |____| .__|_| |_|_| |_\__, | / / / /
 =========|_|==============|___/=/_/_/_/
 :: Spring Boot ::        (v1.1.6.RELEASE)

2015-02-13 02:34:39.231  INFO 8888 --- [    Test worker] o.s.boot.SpringApplication               : Starting application on Vaquarkhan-VAIO with PID 8888 (started by Vaquar khan in C:\Users\Vaquar khan\Documents\workspace-sts-3.6.1.RELEASE\spring-boot-fun\persistence)
2015-02-13 02:34:39.517  INFO 8888 --- [    Test worker] s.c.a.AnnotationConfigApplicationContext : Refreshing org.springframework.context.annotation.AnnotationConfigApplicationContext@497cdd99: startup date [Fri Feb 13 02:34:39 IST 2015]; root of context hierarchy
2015-02-13 02:34:48.078  INFO 8888 --- [    Test worker] j.LocalContainerEntityManagerFactoryBean : Building JPA container EntityManagerFactory for persistence unit 'default'
2015-02-13 02:34:48.282  INFO 8888 --- [    Test worker] o.hibernate.jpa.internal.util.LogHelper  : HHH000204: Processing PersistenceUnitInfo [
	name: default
	...]
2015-02-13 02:34:49.892  INFO 8888 --- [    Test worker] org.hibernate.Version                    : HHH000412: Hibernate Core {4.3.6.Final}
2015-02-13 02:34:49.899  INFO 8888 --- [    Test worker] org.hibernate.cfg.Environment            : HHH000206: hibernate.properties not found
2015-02-13 02:34:49.904  INFO 8888 --- [    Test worker] org.hibernate.cfg.Environment            : HHH000021: Bytecode provider name : javassist
2015-02-13 02:34:51.182  INFO 8888 --- [    Test worker] o.hibernate.annotations.common.Version   : HCANN000001: Hibernate Commons Annotations {4.0.5.Final}
2015-02-13 02:34:51.936  INFO 8888 --- [    Test worker] org.hibernate.dialect.Dialect            : HHH000400: Using dialect: org.hibernate.dialect.H2Dialect
2015-02-13 02:34:53.163  INFO 8888 --- [    Test worker] o.h.h.i.ast.ASTQueryTranslatorFactory    : HHH000397: Using ASTQueryTranslatorFactory
2015-02-13 02:34:55.302  INFO 8888 --- [    Test worker] org.hibernate.tool.hbm2ddl.SchemaExport  : HHH000227: Running hbm2ddl schema export
2015-02-13 02:34:55.335  INFO 8888 --- [    Test worker] org.hibernate.tool.hbm2ddl.SchemaExport  : HHH000230: Schema export complete
2015-02-13 02:34:59.733  INFO 8888 --- [    Test worker] o.s.boot.SpringApplication               : Started application in 22.415 seconds (JVM running for 26.674)
]]></system-out>
  <system-err><![CDATA[]]></system-err>
</testsuite>
